<?xml version="1.0" encoding="UTF-8"?>
<testsuite name="CalculatorTest" tests="4" skipped="0" failures="0" errors="0" timestamp="2023-06-24T14:36:54" hostname="MacBook-Air-Sergej.local" time="0.012">
  <properties/>
  <testcase name="calculatorException()" classname="CalculatorTest" time="0.007"/>
  <testcase name="calculatorFive()" classname="CalculatorTest" time="0.002"/>
  <testcase name="calculatorOne()" classname="CalculatorTest" time="0.001"/>
  <testcase name="calculatorTen()" classname="CalculatorTest" time="0.001"/>
  <system-out><![CDATA[]]></system-out>
  <system-err><![CDATA[]]></system-err>
</testsuite>
